<?xml version="1.0" encoding="UTF-8"?>
<beans xmlns="http://www.springframework.org/schema/beans"
       xmlns:xsi="http://www.w3.org/2001/XMLSchema-instance"
       xmlns:context="http://www.springframework.org/schema/context"
       xsi:schemaLocation="http://www.springframework.org/schema/beans
       http://www.springframework.org/schema/beans/spring-beans.xsd http://www.springframework.org/schema/context http://www.springframework.org/schema/context/spring-context.xsd">

  <bean id="sessionService" class="org.easymock.EasyMock" factory-method="createMock">
    <constructor-arg value="com.cinema.service.SessionService"/>
  </bean>

  <bean id="customerService" class="org.easymock.EasyMock" factory-method="createMock">
    <constructor-arg value="com.cinema.service.CustomerService"/>
  </bean>

  <context:component-scan base-package="com.cinema.controller.rest"></context:component-scan>

</beans>